0 info it worked if it ends with ok
1 verbose cli [ 'C:\\Program Files\\nodejs\\node.exe',
1 verbose cli   'C:\\Program Files\\nodejs\\node_modules\\npm\\bin\\npm-cli.js',
1 verbose cli   'install',
1 verbose cli   'waitpid' ]
2 info using npm@3.10.10
3 info using node@v6.11.3
4 silly loadCurrentTree Starting
5 silly install loadCurrentTree
6 silly install readLocalPackageData
7 silly fetchPackageMetaData waitpid
8 silly fetchNamedPackageData waitpid
9 silly mapToRegistry name waitpid
10 silly mapToRegistry using default registry
11 silly mapToRegistry registry https://registry.npmjs.org/
12 silly mapToRegistry data Result {
12 silly mapToRegistry   raw: 'waitpid',
12 silly mapToRegistry   scope: null,
12 silly mapToRegistry   escapedName: 'waitpid',
12 silly mapToRegistry   name: 'waitpid',
12 silly mapToRegistry   rawSpec: '',
12 silly mapToRegistry   spec: 'latest',
12 silly mapToRegistry   type: 'tag' }
13 silly mapToRegistry uri https://registry.npmjs.org/waitpid
14 verbose request uri https://registry.npmjs.org/waitpid
15 verbose request no auth needed
16 info attempt registry request try #1 at 8:32:12 PM
17 verbose request id 90b44a59508cd01f
18 http request GET https://registry.npmjs.org/waitpid
19 http 200 https://registry.npmjs.org/waitpid
20 verbose headers { server: 'nginx/1.10.1',
20 verbose headers   'content-type': 'application/json',
20 verbose headers   'last-modified': 'Sat, 18 May 2013 20:53:04 GMT',
20 verbose headers   etag: 'W/"5197ea30-eee"',
20 verbose headers   'content-encoding': 'gzip',
20 verbose headers   'cache-control': 'max-age=300',
20 verbose headers   'content-length': '1003',
20 verbose headers   'accept-ranges': 'bytes',
20 verbose headers   date: 'Thu, 21 Sep 2017 01:32:14 GMT',
20 verbose headers   via: '1.1 varnish',
20 verbose headers   age: '0',
20 verbose headers   connection: 'keep-alive',
20 verbose headers   'x-served-by': 'cache-dfw18633-DFW',
20 verbose headers   'x-cache': 'MISS',
20 verbose headers   'x-cache-hits': '0',
20 verbose headers   'x-timer': 'S1505957535.654809,VS0,VE87',
20 verbose headers   vary: 'Accept-Encoding, Accept' }
21 silly get cb [ 200,
21 silly get   { server: 'nginx/1.10.1',
21 silly get     'content-type': 'application/json',
21 silly get     'last-modified': 'Sat, 18 May 2013 20:53:04 GMT',
21 silly get     etag: 'W/"5197ea30-eee"',
21 silly get     'content-encoding': 'gzip',
21 silly get     'cache-control': 'max-age=300',
21 silly get     'content-length': '1003',
21 silly get     'accept-ranges': 'bytes',
21 silly get     date: 'Thu, 21 Sep 2017 01:32:14 GMT',
21 silly get     via: '1.1 varnish',
21 silly get     age: '0',
21 silly get     connection: 'keep-alive',
21 silly get     'x-served-by': 'cache-dfw18633-DFW',
21 silly get     'x-cache': 'MISS',
21 silly get     'x-cache-hits': '0',
21 silly get     'x-timer': 'S1505957535.654809,VS0,VE87',
21 silly get     vary: 'Accept-Encoding, Accept' } ]
22 verbose get saving waitpid to C:\Users\Harrison\AppData\Roaming\npm-cache\registry.npmjs.org\waitpid\.cache.json
23 verbose correctMkdir C:\Users\Harrison\AppData\Roaming\npm-cache correctMkdir not in flight; initializing
24 silly install normalizeTree
25 silly loadCurrentTree Finishing
26 silly loadIdealTree Starting
27 silly install loadIdealTree
28 silly cloneCurrentTree Starting
29 silly install cloneCurrentTreeToIdealTree
30 silly cloneCurrentTree Finishing
31 silly loadShrinkwrap Starting
32 silly install loadShrinkwrap
33 silly loadShrinkwrap Finishing
34 silly loadAllDepsIntoIdealTree Starting
35 silly install loadAllDepsIntoIdealTree
36 silly resolveWithNewModule waitpid@0.1.1 checking installable status
37 silly cache add args [ 'waitpid', null ]
38 verbose cache add spec waitpid
39 silly cache add parsed spec Result {
39 silly cache add   raw: 'waitpid',
39 silly cache add   scope: null,
39 silly cache add   escapedName: 'waitpid',
39 silly cache add   name: 'waitpid',
39 silly cache add   rawSpec: '',
39 silly cache add   spec: 'latest',
39 silly cache add   type: 'tag' }
40 silly addNamed waitpid@latest
41 verbose addNamed "latest" is being treated as a dist-tag for waitpid
42 info addNameTag [ 'waitpid', 'latest' ]
43 silly mapToRegistry name waitpid
44 silly mapToRegistry using default registry
45 silly mapToRegistry registry https://registry.npmjs.org/
46 silly mapToRegistry data Result {
46 silly mapToRegistry   raw: 'waitpid',
46 silly mapToRegistry   scope: null,
46 silly mapToRegistry   escapedName: 'waitpid',
46 silly mapToRegistry   name: 'waitpid',
46 silly mapToRegistry   rawSpec: '',
46 silly mapToRegistry   spec: 'latest',
46 silly mapToRegistry   type: 'tag' }
47 silly mapToRegistry uri https://registry.npmjs.org/waitpid
48 verbose addNameTag registry:https://registry.npmjs.org/waitpid not in flight; fetching
49 verbose get https://registry.npmjs.org/waitpid not expired, no request
50 silly addNameTag next cb for waitpid with tag latest
51 silly addNamed waitpid@0.1.1
52 verbose addNamed "0.1.1" is a plain semver version for waitpid
53 silly mapToRegistry name waitpid
54 silly mapToRegistry using default registry
55 silly mapToRegistry registry https://registry.npmjs.org/
56 silly mapToRegistry data Result {
56 silly mapToRegistry   raw: 'waitpid',
56 silly mapToRegistry   scope: null,
56 silly mapToRegistry   escapedName: 'waitpid',
56 silly mapToRegistry   name: 'waitpid',
56 silly mapToRegistry   rawSpec: '',
56 silly mapToRegistry   spec: 'latest',
56 silly mapToRegistry   type: 'tag' }
57 silly mapToRegistry uri https://registry.npmjs.org/waitpid
58 verbose addRemoteTarball https://registry.npmjs.org/waitpid/-/waitpid-0.1.1.tgz not in flight; adding
59 verbose addRemoteTarball [ 'https://registry.npmjs.org/waitpid/-/waitpid-0.1.1.tgz',
59 verbose addRemoteTarball   'f1b4ae8f850e136f45b66e423e778cebe3a259b0' ]
60 info retry fetch attempt 1 at 8:32:12 PM
61 info attempt registry request try #1 at 8:32:12 PM
62 http fetch GET https://registry.npmjs.org/waitpid/-/waitpid-0.1.1.tgz
63 http fetch 200 https://registry.npmjs.org/waitpid/-/waitpid-0.1.1.tgz
64 silly fetchAndShaCheck shasum f1b4ae8f850e136f45b66e423e778cebe3a259b0
65 verbose addTmpTarball C:\Users\Harrison\AppData\Local\Temp\npm-11848-c2ea68c0\registry.npmjs.org\waitpid\-\waitpid-0.1.1.tgz not in flight; adding
66 verbose addTmpTarball already have metadata; skipping unpack for waitpid@0.1.1
67 verbose correctMkdir C:\Users\Harrison\AppData\Roaming\npm-cache correctMkdir not in flight; initializing
68 silly cache afterAdd waitpid@0.1.1
69 verbose afterAdd C:\Users\Harrison\AppData\Roaming\npm-cache\waitpid\0.1.1\package\package.json not in flight; writing
70 verbose correctMkdir C:\Users\Harrison\AppData\Roaming\npm-cache correctMkdir not in flight; initializing
71 verbose afterAdd C:\Users\Harrison\AppData\Roaming\npm-cache\waitpid\0.1.1\package\package.json written
72 silly loadAllDepsIntoIdealTree Finishing
73 silly loadIdealTree Finishing
74 silly currentTree twitterbot@1.0.0
74 silly currentTree +-- ajv@4.11.8
74 silly currentTree +-- asn1@0.2.3
74 silly currentTree +-- assert-plus@0.2.0
74 silly currentTree +-- asynckit@0.4.0
74 silly currentTree +-- aws-sign2@0.6.0
74 silly currentTree +-- aws4@1.6.0
74 silly currentTree +-- bcrypt-pbkdf@1.0.1
74 silly currentTree +-- bindings@1.3.0
74 silly currentTree +-- bluebird@3.5.0
74 silly currentTree +-- boom@2.10.1
74 silly currentTree +-- capture-stack-trace@1.0.0
74 silly currentTree +-- caseless@0.12.0
74 silly currentTree +-- co@4.6.0
74 silly currentTree +-- combined-stream@1.0.5
74 silly currentTree +-- core-util-is@1.0.2
74 silly currentTree +-- create-error-class@3.0.2
74 silly currentTree +-- cryptiles@2.0.5
74 silly currentTree +-- dashdash@1.14.1
74 silly currentTree | `-- assert-plus@1.0.0
74 silly currentTree +-- debug@3.0.1
74 silly currentTree +-- delayed-stream@1.0.0
74 silly currentTree +-- duplexer3@0.1.4
74 silly currentTree +-- ecc-jsbn@0.1.1
74 silly currentTree +-- extend@3.0.1
74 silly currentTree +-- extsprintf@1.3.0
74 silly currentTree +-- forever-agent@0.6.1
74 silly currentTree +-- form-data@2.1.4
74 silly currentTree +-- get-stream@3.0.0
74 silly currentTree +-- getpass@0.1.7
74 silly currentTree | `-- assert-plus@1.0.0
74 silly currentTree +-- got@6.7.1
74 silly currentTree +-- har-schema@1.0.5
74 silly currentTree +-- har-validator@4.2.1
74 silly currentTree +-- hawk@3.1.3
74 silly currentTree +-- hoek@2.16.3
74 silly currentTree +-- http-signature@1.1.1
74 silly currentTree +-- is-redirect@1.0.0
74 silly currentTree +-- is-retry-allowed@1.1.0
74 silly currentTree +-- is-stream@1.1.0
74 silly currentTree +-- is-typedarray@1.0.0
74 silly currentTree +-- isstream@0.1.2
74 silly currentTree +-- jsbn@0.1.1
74 silly currentTree +-- json-schema@0.2.3
74 silly currentTree +-- json-stable-stringify@1.0.1
74 silly currentTree +-- json-stringify-safe@5.0.1
74 silly currentTree +-- jsonify@0.0.0
74 silly currentTree +-- jsprim@1.4.1
74 silly currentTree | `-- assert-plus@1.0.0
74 silly currentTree +-- lowercase-keys@1.0.0
74 silly currentTree +-- mime-db@1.30.0
74 silly currentTree +-- mime-types@2.1.17
74 silly currentTree +-- mime@1.4.0
74 silly currentTree +-- ms@2.0.0
74 silly currentTree +-- oauth-sign@0.8.2
74 silly currentTree +-- performance-now@0.2.0
74 silly currentTree +-- prepend-http@1.0.4
74 silly currentTree +-- punycode@1.4.1
74 silly currentTree +-- qs@6.4.0
74 silly currentTree +-- request@2.81.0
74 silly currentTree +-- safe-buffer@5.1.1
74 silly currentTree +-- sntp@1.0.9
74 silly currentTree +-- sshpk@1.13.1
74 silly currentTree | `-- assert-plus@1.0.0
74 silly currentTree +-- stringstream@0.0.5
74 silly currentTree +-- timed-out@4.0.1
74 silly currentTree +-- tough-cookie@2.3.2
74 silly currentTree +-- tunnel-agent@0.6.0
74 silly currentTree +-- tweetnacl@0.14.5
74 silly currentTree +-- twit@2.2.9
74 silly currentTree +-- unzip-response@2.0.1
74 silly currentTree +-- url-parse-lax@1.0.0
74 silly currentTree +-- uuid@3.1.0
74 silly currentTree `-- verror@1.10.0
74 silly currentTree   `-- assert-plus@1.0.0
75 silly idealTree twitterbot@1.0.0
75 silly idealTree +-- ajv@4.11.8
75 silly idealTree +-- asn1@0.2.3
75 silly idealTree +-- assert-plus@0.2.0
75 silly idealTree +-- asynckit@0.4.0
75 silly idealTree +-- aws-sign2@0.6.0
75 silly idealTree +-- aws4@1.6.0
75 silly idealTree +-- bcrypt-pbkdf@1.0.1
75 silly idealTree +-- bindings@1.3.0
75 silly idealTree +-- bluebird@3.5.0
75 silly idealTree +-- boom@2.10.1
75 silly idealTree +-- capture-stack-trace@1.0.0
75 silly idealTree +-- caseless@0.12.0
75 silly idealTree +-- co@4.6.0
75 silly idealTree +-- combined-stream@1.0.5
75 silly idealTree +-- core-util-is@1.0.2
75 silly idealTree +-- create-error-class@3.0.2
75 silly idealTree +-- cryptiles@2.0.5
75 silly idealTree +-- dashdash@1.14.1
75 silly idealTree | `-- assert-plus@1.0.0
75 silly idealTree +-- debug@3.0.1
75 silly idealTree +-- delayed-stream@1.0.0
75 silly idealTree +-- duplexer3@0.1.4
75 silly idealTree +-- ecc-jsbn@0.1.1
75 silly idealTree +-- extend@3.0.1
75 silly idealTree +-- extsprintf@1.3.0
75 silly idealTree +-- forever-agent@0.6.1
75 silly idealTree +-- form-data@2.1.4
75 silly idealTree +-- get-stream@3.0.0
75 silly idealTree +-- getpass@0.1.7
75 silly idealTree | `-- assert-plus@1.0.0
75 silly idealTree +-- got@6.7.1
75 silly idealTree +-- har-schema@1.0.5
75 silly idealTree +-- har-validator@4.2.1
75 silly idealTree +-- hawk@3.1.3
75 silly idealTree +-- hoek@2.16.3
75 silly idealTree +-- http-signature@1.1.1
75 silly idealTree +-- is-redirect@1.0.0
75 silly idealTree +-- is-retry-allowed@1.1.0
75 silly idealTree +-- is-stream@1.1.0
75 silly idealTree +-- is-typedarray@1.0.0
75 silly idealTree +-- isstream@0.1.2
75 silly idealTree +-- jsbn@0.1.1
75 silly idealTree +-- json-schema@0.2.3
75 silly idealTree +-- json-stable-stringify@1.0.1
75 silly idealTree +-- json-stringify-safe@5.0.1
75 silly idealTree +-- jsonify@0.0.0
75 silly idealTree +-- jsprim@1.4.1
75 silly idealTree | `-- assert-plus@1.0.0
75 silly idealTree +-- lowercase-keys@1.0.0
75 silly idealTree +-- mime-db@1.30.0
75 silly idealTree +-- mime-types@2.1.17
75 silly idealTree +-- mime@1.4.0
75 silly idealTree +-- ms@2.0.0
75 silly idealTree +-- oauth-sign@0.8.2
75 silly idealTree +-- performance-now@0.2.0
75 silly idealTree +-- prepend-http@1.0.4
75 silly idealTree +-- punycode@1.4.1
75 silly idealTree +-- qs@6.4.0
75 silly idealTree +-- request@2.81.0
75 silly idealTree +-- safe-buffer@5.1.1
75 silly idealTree +-- sntp@1.0.9
75 silly idealTree +-- sshpk@1.13.1
75 silly idealTree | `-- assert-plus@1.0.0
75 silly idealTree +-- stringstream@0.0.5
75 silly idealTree +-- timed-out@4.0.1
75 silly idealTree +-- tough-cookie@2.3.2
75 silly idealTree +-- tunnel-agent@0.6.0
75 silly idealTree +-- tweetnacl@0.14.5
75 silly idealTree +-- twit@2.2.9
75 silly idealTree +-- unzip-response@2.0.1
75 silly idealTree +-- url-parse-lax@1.0.0
75 silly idealTree +-- uuid@3.1.0
75 silly idealTree +-- verror@1.10.0
75 silly idealTree | `-- assert-plus@1.0.0
75 silly idealTree `-- waitpid@0.1.1
76 silly generateActionsToTake Starting
77 silly install generateActionsToTake
78 silly generateActionsToTake Finishing
79 silly diffTrees action count 1
80 silly diffTrees add waitpid@0.1.1
81 silly decomposeActions action count 8
82 silly decomposeActions fetch waitpid@0.1.1
83 silly decomposeActions extract waitpid@0.1.1
84 silly decomposeActions test waitpid@0.1.1
85 silly decomposeActions preinstall waitpid@0.1.1
86 silly decomposeActions build waitpid@0.1.1
87 silly decomposeActions install waitpid@0.1.1
88 silly decomposeActions postinstall waitpid@0.1.1
89 silly decomposeActions finalize waitpid@0.1.1
90 silly runTopLevelLifecycles Starting
91 silly executeActions Starting
92 silly install executeActions
93 silly doSerial global-install 0
94 silly doParallel fetch 1
95 verbose correctMkdir C:\Users\Harrison\AppData\Roaming\npm-cache\_locks correctMkdir not in flight; initializing
96 verbose lock using C:\Users\Harrison\AppData\Roaming\npm-cache\_locks\staging-921be4f2df06ab03.lock for C:\Dev\TwitterBot\node_modules\.staging
97 silly doParallel extract 1
98 silly extract waitpid@0.1.1
99 verbose unbuild node_modules\.staging\waitpid-fc0d1bfd
100 silly gentlyRm C:\Dev\TwitterBot\node_modules\.staging\waitpid-fc0d1bfd is being purged from base C:\Dev\TwitterBot
101 verbose gentlyRm don't care about contents; nuking C:\Dev\TwitterBot\node_modules\.staging\waitpid-fc0d1bfd
102 verbose tar unpack C:\Users\Harrison\AppData\Roaming\npm-cache\waitpid\0.1.1\package.tgz
103 verbose tar unpacking to C:\Dev\TwitterBot\node_modules\.staging\waitpid-fc0d1bfd
104 silly gentlyRm C:\Dev\TwitterBot\node_modules\.staging\waitpid-fc0d1bfd is being purged
105 verbose gentlyRm don't care about contents; nuking C:\Dev\TwitterBot\node_modules\.staging\waitpid-fc0d1bfd
106 silly gunzTarPerm modes [ '777', '666' ]
107 silly gunzTarPerm extractEntry package.json
108 silly gunzTarPerm modified mode [ 'package.json', 420, 438 ]
109 silly gunzTarPerm extractEntry README.md
110 silly gunzTarPerm modified mode [ 'README.md', 420, 438 ]
111 silly gunzTarPerm extractEntry binding.gyp
112 silly gunzTarPerm modified mode [ 'binding.gyp', 420, 438 ]
113 silly gunzTarPerm extractEntry build/Makefile
114 silly gunzTarPerm modified mode [ 'build/Makefile', 420, 438 ]
115 silly gunzTarPerm extractEntry build/Release/.deps/Release/obj.target/waitpid/src/waitpid.o.d
116 silly gunzTarPerm modified mode [ 'build/Release/.deps/Release/obj.target/waitpid/src/waitpid.o.d',
116 silly gunzTarPerm   420,
116 silly gunzTarPerm   438 ]
117 silly gunzTarPerm extractEntry build/Release/.deps/Release/waitpid.node.d
118 silly gunzTarPerm modified mode [ 'build/Release/.deps/Release/waitpid.node.d', 420, 438 ]
119 silly gunzTarPerm extractEntry build/Release/linker.lock
120 silly gunzTarPerm modified mode [ 'build/Release/linker.lock', 420, 438 ]
121 silly gunzTarPerm extractEntry build/Release/obj.target/waitpid/src/waitpid.o
122 silly gunzTarPerm modified mode [ 'build/Release/obj.target/waitpid/src/waitpid.o', 420, 438 ]
123 silly gunzTarPerm extractEntry build/Release/waitpid.node
124 silly gunzTarPerm modified mode [ 'build/Release/waitpid.node', 493, 511 ]
125 silly gunzTarPerm extractEntry build/binding.Makefile
126 silly gunzTarPerm modified mode [ 'build/binding.Makefile', 420, 438 ]
127 silly gunzTarPerm extractEntry build/config.gypi
128 silly gunzTarPerm modified mode [ 'build/config.gypi', 420, 438 ]
129 silly gunzTarPerm extractEntry build/gyp-mac-tool
130 silly gunzTarPerm modified mode [ 'build/gyp-mac-tool', 493, 511 ]
131 silly gunzTarPerm extractEntry build/waitpid.target.mk
132 silly gunzTarPerm modified mode [ 'build/waitpid.target.mk', 420, 438 ]
133 silly gunzTarPerm extractEntry lib/waitpid.js
134 silly gunzTarPerm modified mode [ 'lib/waitpid.js', 420, 438 ]
135 silly gunzTarPerm extractEntry src/waitpid.cc
136 silly gunzTarPerm modified mode [ 'src/waitpid.cc', 420, 438 ]
137 silly gentlyRm C:\Dev\TwitterBot\node_modules\.staging\waitpid-fc0d1bfd\node_modules is being purged
138 verbose gentlyRm don't care about contents; nuking C:\Dev\TwitterBot\node_modules\.staging\waitpid-fc0d1bfd\node_modules
139 silly doParallel preinstall 1
140 silly preinstall waitpid@0.1.1 C:\Dev\TwitterBot\node_modules\.staging\waitpid-fc0d1bfd
141 info lifecycle waitpid@0.1.1~preinstall: waitpid@0.1.1
142 silly lifecycle waitpid@0.1.1~preinstall: no script for preinstall, continuing
143 silly doReverseSerial remove 0
144 silly doSerial move 0
145 silly doSerial finalize 1
146 silly finalize C:\Dev\TwitterBot\node_modules\waitpid
147 silly doSerial build 1
148 silly build waitpid@0.1.1
149 info linkStuff waitpid@0.1.1
150 silly linkStuff waitpid@0.1.1 has C:\Dev\TwitterBot\node_modules as its parent node_modules
151 verbose linkBins waitpid@0.1.1
152 verbose linkMans waitpid@0.1.1
153 silly doSerial global-link 0
154 silly doParallel update-linked 0
155 silly doSerial install 1
156 silly install waitpid@0.1.1 C:\Dev\TwitterBot\node_modules\.staging\waitpid-fc0d1bfd
157 info lifecycle waitpid@0.1.1~install: waitpid@0.1.1
158 verbose lifecycle waitpid@0.1.1~install: unsafe-perm in lifecycle true
159 verbose lifecycle waitpid@0.1.1~install: PATH: C:\Program Files\nodejs\node_modules\npm\bin\node-gyp-bin;C:\Dev\TwitterBot\node_modules\waitpid\node_modules\.bin;C:\Dev\TwitterBot\node_modules\.bin;C:\ProgramData\Oracle\Java\javapath;C:\WINDOWS\system32;C:\WINDOWS;C:\WINDOWS\System32\Wbem;C:\WINDOWS\System32\WindowsPowerShell\v1.0\;C:\Program Files (x86)\Skype\Phone\;C:\Program Files (x86)\QuickTime\QTSystem\;C:\WINDOWS\system32\config\systemprofile\.dnx\bin;C:\Program Files\Microsoft DNX\Dnvm\;C:\Program Files (x86)\Windows Kits\8.1\Windows Performance Toolkit\;C:\Program Files (x86)\Windows Live\Shared;C:\Program Files\MongoDB\Server\3.2\bin\;C:\Program Files (x86)\Heroku\bin;C:\Program Files\MATLAB\R2016a\runtime\win64;C:\Program Files\MATLAB\R2016a\bin;C:\Program Files (x86)\Common Files\Propellerhead Software\ReWire\;C:\Program Files\Common Files\Propellerhead Software\ReWire\;C:\Program Files\nodejs\;C:\python35\Scripts\;C:\python35\;C:\Program Files (x86)\Google\Chrome\Application;C:\WINDOWS\system32;C:\WINDOWS;C:\WINDOWS\System32\Wbem;C:\WINDOWS\System32\WindowsPowerShell\v1.0\;C:\Program Files (x86)\Skype\Phone\;C:\Program Files (x86)\Dev-Cpp\MinGW64\bin;C:\Program Files\MongoDB\Server\3.2\bin\;C:\Users\Harrison\AppData\Local\.meteor\;C:\Users\Harrison\AppData\Local\Microsoft\WindowsApps;C:\Program Files (x86)\SSH Communications Security\SSH Secure Shell;C:\Users\Harrison\AppData\Roaming\npm;C:\Users\Harrison\AppData\Local\GitHub\PortableGit_284a859b0e6deba86edc624fef1e4db2aa8241a9\cmd
160 verbose lifecycle waitpid@0.1.1~install: CWD: C:\Dev\TwitterBot\node_modules\waitpid
161 silly lifecycle waitpid@0.1.1~install: Args: [ '/d /s /c', 'node-gyp rebuild' ]
162 silly lifecycle waitpid@0.1.1~install: Returned: code: 1  signal: null
163 info lifecycle waitpid@0.1.1~install: Failed to exec install script
164 verbose unlock done using C:\Users\Harrison\AppData\Roaming\npm-cache\_locks\staging-921be4f2df06ab03.lock for C:\Dev\TwitterBot\node_modules\.staging
165 silly rollbackFailedOptional Starting
166 silly rollbackFailedOptional Finishing
167 silly runTopLevelLifecycles Finishing
168 silly install printInstalled
169 warn twitterbot@1.0.0 No repository field.
170 verbose If you need help, you may report this error at:
170 verbose     <https://github.com/npm/npm/issues>
171 verbose stack Error: waitpid@0.1.1 install: `node-gyp rebuild`
171 verbose stack Exit status 1
171 verbose stack     at EventEmitter.<anonymous> (C:\Program Files\nodejs\node_modules\npm\lib\utils\lifecycle.js:255:16)
171 verbose stack     at emitTwo (events.js:106:13)
171 verbose stack     at EventEmitter.emit (events.js:191:7)
171 verbose stack     at ChildProcess.<anonymous> (C:\Program Files\nodejs\node_modules\npm\lib\utils\spawn.js:40:14)
171 verbose stack     at emitTwo (events.js:106:13)
171 verbose stack     at ChildProcess.emit (events.js:191:7)
171 verbose stack     at maybeClose (internal/child_process.js:920:16)
171 verbose stack     at Process.ChildProcess._handle.onexit (internal/child_process.js:230:5)
172 verbose pkgid waitpid@0.1.1
173 verbose cwd C:\Dev\TwitterBot
174 error Windows_NT 10.0.14393
175 error argv "C:\\Program Files\\nodejs\\node.exe" "C:\\Program Files\\nodejs\\node_modules\\npm\\bin\\npm-cli.js" "install" "waitpid"
176 error node v6.11.3
177 error npm  v3.10.10
178 error code ELIFECYCLE
179 error waitpid@0.1.1 install: `node-gyp rebuild`
179 error Exit status 1
180 error Failed at the waitpid@0.1.1 install script 'node-gyp rebuild'.
180 error Make sure you have the latest version of node.js and npm installed.
180 error If you do, this is most likely a problem with the waitpid package,
180 error not with npm itself.
180 error Tell the author that this fails on your system:
180 error     node-gyp rebuild
180 error You can get information on how to open an issue for this project with:
180 error     npm bugs waitpid
180 error Or if that isn't available, you can get their info via:
180 error     npm owner ls waitpid
180 error There is likely additional logging output above.
181 verbose exit [ 1, true ]
